<?xml version="1.0" encoding="UTF-8"?>
<testsuite name="com.poglibrary.backend.DbConnApplicationTests" tests="1" skipped="0" failures="0" errors="0" timestamp="2024-06-23T13:05:24" hostname="fedora.fritz.box" time="0.681">
  <properties/>
  <testcase name="contextLoads()" classname="com.poglibrary.backend.DbConnApplicationTests" time="0.681"/>
  <system-out><![CDATA[15:05:14.783 [Test worker] INFO org.springframework.test.context.support.AnnotationConfigContextLoaderUtils -- Could not detect default configuration classes for test class [com.poglibrary.backend.DbConnApplicationTests]: DbConnApplicationTests does not declare any static, non-private, non-final, nested classes annotated with @Configuration.
15:05:14.944 [Test worker] INFO org.springframework.boot.test.context.SpringBootTestContextBootstrapper -- Found @SpringBootConfiguration com.poglibrary.backend.PogLibrary for test class com.poglibrary.backend.DbConnApplicationTests

  .   ____          _            __ _ _
 /\\ / ___'_ __ _ _(_)_ __  __ _ \ \ \ \
( ( )\___ | '_ | '_| | '_ \/ _` | \ \ \ \
 \\/  ___)| |_)| | | | | || (_| |  ) ) ) )
  '  |____| .__|_| |_|_| |_\__, | / / / /
 =========|_|==============|___/=/_/_/_/

 :: Spring Boot ::                (v3.3.1)

2024-06-23T15:05:15.671+02:00  WARN 12684 --- [    Test worker] ory$DuplicateJsonObjectContextCustomizer : 

Found multiple occurrences of org.json.JSONObject on the class path:

	jar:file:/home/simon/.gradle/caches/modules-2/files-2.1/org.json/json/20240303/ebb88e8fb5122b7506d5cf1d69f1ccdb790d22a/json-20240303.jar!/org/json/JSONObject.class
	jar:file:/home/simon/.gradle/caches/modules-2/files-2.1/com.vaadin.external.google/android-json/0.0.20131108.vaadin1/fa26d351fe62a6a17f5cda1287c1c6110dec413f/android-json-0.0.20131108.vaadin1.jar!/org/json/JSONObject.class

You may wish to exclude one of them to ensure predictable runtime behavior

2024-06-23T15:05:15.694+02:00  INFO 12684 --- [    Test worker] c.p.backend.DbConnApplicationTests       : Starting DbConnApplicationTests using Java 21.0.2 with PID 12684 (started by simon in /home/simon/projects/general_projects/poglibrary/backend/backend)
2024-06-23T15:05:15.696+02:00  INFO 12684 --- [    Test worker] c.p.backend.DbConnApplicationTests       : No active profile set, falling back to 1 default profile: "default"
2024-06-23T15:05:17.014+02:00  INFO 12684 --- [    Test worker] .s.d.r.c.RepositoryConfigurationDelegate : Bootstrapping Spring Data JPA repositories in DEFAULT mode.
2024-06-23T15:05:17.094+02:00  INFO 12684 --- [    Test worker] .s.d.r.c.RepositoryConfigurationDelegate : Finished Spring Data repository scanning in 70 ms. Found 3 JPA repository interfaces.
2024-06-23T15:05:17.854+02:00  INFO 12684 --- [    Test worker] o.hibernate.jpa.internal.util.LogHelper  : HHH000204: Processing PersistenceUnitInfo [name: default]
2024-06-23T15:05:17.932+02:00  INFO 12684 --- [    Test worker] org.hibernate.Version                    : HHH000412: Hibernate ORM core version 6.5.2.Final
2024-06-23T15:05:17.981+02:00  INFO 12684 --- [    Test worker] o.h.c.internal.RegionFactoryInitiator    : HHH000026: Second-level cache disabled
2024-06-23T15:05:18.430+02:00  INFO 12684 --- [    Test worker] o.s.o.j.p.SpringPersistenceUnitInfo      : No LoadTimeWeaver setup: ignoring JPA class transformer
2024-06-23T15:05:18.467+02:00  INFO 12684 --- [    Test worker] com.zaxxer.hikari.HikariDataSource       : HikariPool-1 - Starting...
2024-06-23T15:05:18.586+02:00  INFO 12684 --- [    Test worker] com.zaxxer.hikari.pool.HikariPool        : HikariPool-1 - Added connection org.mariadb.jdbc.Connection@6723cce7
2024-06-23T15:05:18.589+02:00  INFO 12684 --- [    Test worker] com.zaxxer.hikari.HikariDataSource       : HikariPool-1 - Start completed.
2024-06-23T15:05:18.621+02:00  WARN 12684 --- [    Test worker] org.hibernate.orm.deprecation            : HHH90000025: MariaDBDialect does not need to be specified explicitly using 'hibernate.dialect' (remove the property setting and it will be selected by default)
2024-06-23T15:05:20.066+02:00  INFO 12684 --- [    Test worker] o.h.e.t.j.p.i.JtaPlatformInitiator       : HHH000489: No JTA platform available (set 'hibernate.transaction.jta.platform' to enable JTA platform integration)
2024-06-23T15:05:22.296+02:00  INFO 12684 --- [    Test worker] j.LocalContainerEntityManagerFactoryBean : Initialized JPA EntityManagerFactory for persistence unit 'default'
2024-06-23T15:05:23.075+02:00  WARN 12684 --- [    Test worker] JpaBaseConfiguration$JpaWebConfiguration : spring.jpa.open-in-view is enabled by default. Therefore, database queries may be performed during view rendering. Explicitly configure spring.jpa.open-in-view to disable this warning
2024-06-23T15:05:24.120+02:00  INFO 12684 --- [    Test worker] c.p.backend.DbConnApplicationTests       : Started DbConnApplicationTests in 8.959 seconds (process running for 10.808)
]]></system-out>
  <system-err><![CDATA[WARNING: A Java agent has been loaded dynamically (/home/simon/.gradle/caches/modules-2/files-2.1/net.bytebuddy/byte-buddy-agent/1.14.17/e3c251a39dc90badaf71c83427ba46840f219d8d/byte-buddy-agent-1.14.17.jar)
WARNING: If a serviceability tool is in use, please run with -XX:+EnableDynamicAgentLoading to hide this warning
WARNING: If a serviceability tool is not in use, please run with -Djdk.instrument.traceUsage for more information
WARNING: Dynamic loading of agents will be disallowed by default in a future release
]]></system-err>
</testsuite>
